1>------ Build started: Project: HelloDarknessMyOldFriend, Configuration: Debug Win32 ------
1>  main.cpp
1>  MoneyTest.cpp
1>  Generating Code...
1>  HelloDarknessMyOldFriend.vcxproj -> C:\Users\dlohr\OneDrive\Documents\HelloDarknessMyOldFriend\Debug\HelloDarknessMyOldFriend.exe
1>  HelloDarknessMyOldFriend.vcxproj -> C:\Users\dlohr\OneDrive\Documents\HelloDarknessMyOldFriend\Debug\HelloDarknessMyOldFriend.pdb (Full PDB)
1>  .....F
1>
1>c:\users\dlohr\onedrive\documents\hellodarknessmyoldfriend\moneytest.cpp(81): error : Assertion
1>  Test name: MoneyTest::thisTestWillFail
1>  forced failure
1>  - I told you this test would fail
1>
1>  Failures !!!
1>  Run: 5   Failure total: 1   Failures: 1   Errors: 0
1>C:\Program Files (x86)\MSBuild\Microsoft.Cpp\v4.0\V140\Microsoft.CppCommon.targets(133,5): error MSB3073: The command "C:\Users\dlohr\OneDrive\Documents\HelloDarknessMyOldFriend\Debug\HelloDarknessMyOldFriend.exe
1>C:\Program Files (x86)\MSBuild\Microsoft.Cpp\v4.0\V140\Microsoft.CppCommon.targets(133,5): error MSB3073: :VCEnd" exited with code 1.
========== Build: 0 succeeded, 1 failed, 0 up-to-date, 0 skipped ==========
